Unity Editor version:    2021.3.16f1 (4016570cf34f)
Branch:                  2021.3/staging
Build type:              Release
Batch mode:              YES
macOS version:           Version 13.0 (Build 22A380)
Darwin version:          22.1.0
Architecture:            arm64
Running under Rosetta:   NO
Available memory:        8192 MB
Using pre-set license
Pro License: YES

COMMAND LINE ARGUMENTS:
/Applications/Unity/Hub/Editor/2021.3.16f1-arm64/Unity.app/Contents/MacOS/Unity
-adb2
-batchMode
-noUpm
-name
AssetImportWorker1
-projectPath
/Users/rachelng/nwHacks 2023
-logFile
Logs/AssetImportWorker1.log
-srvPort
59412
Successfully changed project path to: /Users/rachelng/nwHacks 2023
/Users/rachelng/nwHacks 2023
[UnityMemory] Configuration Parameters - Can be set up in boot.config
    "memorysetup-bucket-allocator-granularity=16"
    "memorysetup-bucket-allocator-bucket-count=8"
    "memorysetup-bucket-allocator-block-size=33554432"
    "memorysetup-bucket-allocator-block-count=8"
    "memorysetup-main-allocator-block-size=16777216"
    "memorysetup-thread-allocator-block-size=16777216"
    "memorysetup-gfx-main-allocator-block-size=16777216"
    "memorysetup-gfx-thread-allocator-block-size=16777216"
    "memorysetup-cache-allocator-block-size=4194304"
    "memorysetup-typetree-allocator-block-size=2097152"
    "memorysetup-profiler-bucket-allocator-granularity=16"
    "memorysetup-profiler-bucket-allocator-bucket-count=8"
    "memorysetup-profiler-bucket-allocator-block-size=33554432"
    "memorysetup-profiler-bucket-allocator-block-count=8"
    "memorysetup-profiler-allocator-block-size=16777216"
    "memorysetup-profiler-editor-allocator-block-size=1048576"
    "memorysetup-temp-allocator-size-main=16777216"
    "memorysetup-job-temp-allocator-block-size=2097152"
    "memorysetup-job-temp-allocator-block-size-background=1048576"
    "memorysetup-job-temp-allocator-reduction-small-platforms=262144"
    "memorysetup-temp-allocator-size-background-worker=32768"
    "memorysetup-temp-allocator-size-job-worker=262144"
    "memorysetup-temp-allocator-size-preload-manager=33554432"
    "memorysetup-temp-allocator-size-nav-mesh-worker=65536"
    "memorysetup-temp-allocator-size-audio-worker=65536"
    "memorysetup-temp-allocator-size-cloud-worker=32768"
    "memorysetup-temp-allocator-size-gi-baking-worker=262144"
    "memorysetup-temp-allocator-size-gfx=262144"
Player connection [8027186432] Host "[IP] 206.12.166.217 [Port] 0 [Flags] 2 [Guid] 1208419165 [EditorId] 1208419165 [Version] 1048832 [Id] OSXEditor(0,dhcp-206-12-166-217.ubcsecure.wireless.ubc.ca) [Debug] 1 [PackageName] OSXEditor [ProjectName] Editor" joined multi-casting on [225.0.0.222:54997]...

Player connection [8027186432] Host "[IP] 206.12.166.217 [Port] 0 [Flags] 2 [Guid] 1208419165 [EditorId] 1208419165 [Version] 1048832 [Id] OSXEditor(0,dhcp-206-12-166-217.ubcsecure.wireless.ubc.ca) [Debug] 1 [PackageName] OSXEditor [ProjectName] Editor" joined alternative multi-casting on [225.0.0.222:34997]...

Refreshing native plugins compatible for Editor in 192.08 ms, found 3 plugins.
Preloading 1 native plugins for Editor in 9.62 ms.
Initialize engine version: 2021.3.16f1 (4016570cf34f)
[Subsystems] Discovering subsystems at path /Applications/Unity/Hub/Editor/2021.3.16f1-arm64/Unity.app/Contents/Resources/UnitySubsystems
[Subsystems] Discovering subsystems at path /Users/rachelng/nwHacks 2023/Assets
GfxDevice: creating device client; threaded=0; jobified=0
 preferred device: Apple M1 (high power)
Metal devices available: 1
0: Apple M1 (high power)
Using device Apple M1 (high power)
Initializing Metal device caps: Apple M1
Initialize mono
Mono path[0] = '/Applications/Unity/Hub/Editor/2021.3.16f1-arm64/Unity.app/Contents/Managed'
Mono path[1] = '/Applications/Unity/Hub/Editor/2021.3.16f1-arm64/Unity.app/Contents/MonoBleedingEdge/lib/mono/unityjit-macos'
Mono config path = '/Applications/Unity/Hub/Editor/2021.3.16f1-arm64/Unity.app/Contents/MonoBleedingEdge/etc'
Using monoOptions --debugger-agent=transport=dt_socket,embedding=1,server=y,suspend=n,address=127.0.0.1:56621
Begin MonoManager ReloadAssembly
Registering precompiled unity dll's ...
Register platform support module: /Applications/Unity/Hub/Editor/2021.3.16f1-arm64/Unity.app/Contents/PlaybackEngines/MacStandaloneSupport/UnityEditor.OSXStandalone.Extensions.dll
Registered in 0.001773 seconds.
Native extension for OSXStandalone target not found
Refreshing native plugins compatible for Editor in 123.52 ms, found 3 plugins.
Preloading 1 native plugins for Editor in 0.28 ms.
Mono: successfully reloaded assembly
- Completed reload, in  0.680 seconds
Domain Reload Profiling:
	ReloadAssembly (680ms)
		BeginReloadAssembly (80ms)
			ExecutionOrderSort (0ms)
			DisableScriptedObjects (0ms)
			BackupInstance (0ms)
			ReleaseScriptingObjects (0ms)
			CreateAndSetChildDomain (1ms)
		EndReloadAssembly (495ms)
			LoadAssemblies (80ms)
			RebuildTransferFunctionScriptingTraits (0ms)
			SetupTypeCache (107ms)
			ReleaseScriptCaches (0ms)
			RebuildScriptCaches (27ms)
			SetupLoadedEditorAssemblies (319ms)
				LogAssemblyErrors (0ms)
				InitializePlatformSupportModulesInManaged (5ms)
				SetLoadedEditorAssemblies (0ms)
				RefreshPlugins (124ms)
				BeforeProcessingInitializeOnLoad (2ms)
				ProcessInitializeOnLoadAttributes (153ms)
				ProcessInitializeOnLoadMethodAttributes (35ms)
				AfterProcessingInitializeOnLoad (0ms)
				EditorAssembliesLoaded (0ms)
			ExecutionOrderSort2 (0ms)
			AwakeInstancesAfterBackupRestoration (0ms)
Platform modules already initialized, skipping
Registering precompiled user dll's ...
Registered in 0.010782 seconds.
Begin MonoManager ReloadAssembly
Symbol file LoadedFromMemory doesn't match image /Users/rachelng/nwHacks 2023/Library/PackageCache/com.unity.visualscripting@1.7.8/Editor/VisualScripting.Core/Dependencies/DotNetZip/Unity.VisualScripting.IonicZip.dll
Symbol file LoadedFromMemory doesn't match image /Users/rachelng/nwHacks 2023/Library/PackageCache/com.unity.visualscripting@1.7.8/Editor/VisualScripting.Core/Dependencies/YamlDotNet/Unity.VisualScripting.YamlDotNet.dll
Native extension for OSXStandalone target not found
Refreshing native plugins compatible for Editor in 163.27 ms, found 3 plugins.
Preloading 1 native plugins for Editor in 0.53 ms.
Package Manager log level set to [2]
Mono: successfully reloaded assembly
- Completed reload, in  1.663 seconds
Domain Reload Profiling:
	ReloadAssembly (1665ms)
		BeginReloadAssembly (80ms)
			ExecutionOrderSort (0ms)
			DisableScriptedObjects (5ms)
			BackupInstance (0ms)
			ReleaseScriptingObjects (0ms)
			CreateAndSetChildDomain (24ms)
		EndReloadAssembly (1473ms)
			LoadAssemblies (83ms)
			RebuildTransferFunctionScriptingTraits (0ms)
			SetupTypeCache (303ms)
			ReleaseScriptCaches (2ms)
			RebuildScriptCaches (90ms)
			SetupLoadedEditorAssemblies (896ms)
				LogAssemblyErrors (0ms)
				InitializePlatformSupportModulesInManaged (3ms)
				SetLoadedEditorAssemblies (0ms)
				RefreshPlugins (164ms)
				BeforeProcessingInitializeOnLoad (198ms)
				ProcessInitializeOnLoadAttributes (502ms)
				ProcessInitializeOnLoadMethodAttributes (26ms)
				AfterProcessingInitializeOnLoad (2ms)
				EditorAssembliesLoaded (0ms)
			ExecutionOrderSort2 (0ms)
			AwakeInstancesAfterBackupRestoration (9ms)
Platform modules already initialized, skipping
========================================================================
Worker process is ready to serve import requests
Launching external process: /Applications/Unity/Hub/Editor/2021.3.16f1-arm64/Unity.app/Contents/Tools/UnityShaderCompiler
Launched and connected shader compiler UnityShaderCompiler after 0.07 seconds
Refreshing native plugins compatible for Editor in 1.04 ms, found 3 plugins.
Preloading 1 native plugins for Editor in 0.40 ms.
Unloading 4074 Unused Serialized files (Serialized files now loaded: 0)
Unloading 54 unused Assets / (341.8 KB). Loaded Objects now: 4510.
Memory consumption went from 136.4 MB to 136.0 MB.
Total: 7.603792 ms (FindLiveObjects: 0.193959 ms CreateObjectMapping: 0.097750 ms MarkObjects: 7.162459 ms  DeleteObjects: 0.148416 ms)

AssetImportParameters requested are different than current active one (requested -> active):
  custom:video-decoder-ogg-theora: a1e56fd34408186e4bbccfd4996cb3dc -> 
  custom:container-muxer-webm: aa71ff27fc2769a1b78a27578f13a17b -> 
  custom:container-demuxer-webm: 4f35f7cbe854078d1ac9338744f61a02 -> 
  custom:video-encoder-webm-vp8: eb34c28f22e8b96e1ab97ce403110664 -> 
  custom:framework-osx-AVFoundation: e770b220cccbd017edd2c1fefb359320 -> 
  custom:audio-encoder-webm-vorbis: bf7c407c2cedff20999df2af8eb42d56 -> 
  custom:container-demuxer-ogg: 62fdf1f143b41e24485cea50d1cbac27 -> 
  custom:video-decoder-webm-vp8: 9c59270c3fd7afecdb556c50c9e8de78 -> 
  custom:audio-decoder-ogg-vorbis: bf7c407c2cedff20999df2af8eb42d56 -> 
========================================================================
Received Import Request.
  Time since last request: 1940794.456536 seconds.
  path: Assets/Office Room Furniture/Office/Models/OfficeDesk_1.fbx
  artifactKey: Guid(34677110e1e47004e9e23f6597432276) Importer(815301076,1909f56bfc062723c751e8b465ee728b)
Start importing Assets/Office Room Furniture/Office/Models/OfficeDesk_1.fbx using Guid(34677110e1e47004e9e23f6597432276) Importer(815301076,1909f56bfc062723c751e8b465ee728b)  -> (artifact id: '0dec91b144521844139160e36322d766') in 0.374259 seconds 
========================================================================
Received Import Request.
  Time since last request: 0.000077 seconds.
  path: Assets/Office Room Furniture/Office/Models/DinnerRoom.fbx
  artifactKey: Guid(18a45c661ef2bc84f816fd49e9f50bbc) Importer(815301076,1909f56bfc062723c751e8b465ee728b)
Start importing Assets/Office Room Furniture/Office/Models/DinnerRoom.fbx using Guid(18a45c661ef2bc84f816fd49e9f50bbc) Importer(815301076,1909f56bfc062723c751e8b465ee728b)  -> (artifact id: 'ffddde6fa88b4a2214f7d2096c6ddacb') in 0.049215 seconds 
========================================================================
Received Import Request.
  Time since last request: 0.000067 seconds.
  path: Assets/Office Room Furniture/Office/Models/Frame 1.fbx
  artifactKey: Guid(70447b43c54b3c8489782bc25b9b20d9) Importer(815301076,1909f56bfc062723c751e8b465ee728b)
Start importing Assets/Office Room Furniture/Office/Models/Frame 1.fbx using Guid(70447b43c54b3c8489782bc25b9b20d9) Importer(815301076,1909f56bfc062723c751e8b465ee728b)  -> (artifact id: '27ad215c4b903e30858e53d51731296e') in 0.641329 seconds 
========================================================================
Received Import Request.
  Time since last request: 0.000077 seconds.
  path: Assets/Office Room Furniture/Office/Models/FloorPlant_1.fbx
  artifactKey: Guid(ecb6fbf1148af344fb5bdf5751940c76) Importer(815301076,1909f56bfc062723c751e8b465ee728b)
Start importing Assets/Office Room Furniture/Office/Models/FloorPlant_1.fbx using Guid(ecb6fbf1148af344fb5bdf5751940c76) Importer(815301076,1909f56bfc062723c751e8b465ee728b)  -> (artifact id: 'a059e610eb09cdc95496e70c71e2af46') in 0.276070 seconds 
========================================================================
Received Import Request.
  Time since last request: 0.000057 seconds.
  path: Assets/Office Room Furniture/Office/Models/OfficeChair_1.fbx
  artifactKey: Guid(6ee1f29300f8be14c87cf49e8a9585f0) Importer(815301076,1909f56bfc062723c751e8b465ee728b)
Start importing Assets/Office Room Furniture/Office/Models/OfficeChair_1.fbx using Guid(6ee1f29300f8be14c87cf49e8a9585f0) Importer(815301076,1909f56bfc062723c751e8b465ee728b)  -> (artifact id: 'd2e83ce0395551472673f3517beac729') in 0.469444 seconds 
========================================================================
Received Import Request.
  Time since last request: 157.805015 seconds.
  path: Assets/Office Room Furniture/Office/Materials/Armchair_2.mat
  artifactKey: Guid(419d7ec44a6ba2d41b394b2deba87f8f) Importer(815301076,1909f56bfc062723c751e8b465ee728b)
Start importing Assets/Office Room Furniture/Office/Materials/Armchair_2.mat using Guid(419d7ec44a6ba2d41b394b2deba87f8f) Importer(815301076,1909f56bfc062723c751e8b465ee728b)  -> (artifact id: 'ca9c44f684b05d4b13ceb1914283bb1b') in 0.133903 seconds 
========================================================================
Received Import Request.
  Time since last request: 0.000098 seconds.
  path: Assets/Office Room Furniture/Office/Materials/NestingTable_1.mat
  artifactKey: Guid(aaa556c29b063764c9904e9a20a3e43e) Importer(815301076,1909f56bfc062723c751e8b465ee728b)
Start importing Assets/Office Room Furniture/Office/Materials/NestingTable_1.mat using Guid(aaa556c29b063764c9904e9a20a3e43e) Importer(815301076,1909f56bfc062723c751e8b465ee728b)  -> (artifact id: '79cca0b356afeb0b5a9c287404ab0f0f') in 0.027102 seconds 
========================================================================
Received Import Request.
  Time since last request: 0.000114 seconds.
  path: Assets/Office Room Furniture/Office/Materials/FloorLamp_1_Off.mat
  artifactKey: Guid(f9f458b8a12c79941bdc1bd7ce529eb7) Importer(815301076,1909f56bfc062723c751e8b465ee728b)
Start importing Assets/Office Room Furniture/Office/Materials/FloorLamp_1_Off.mat using Guid(f9f458b8a12c79941bdc1bd7ce529eb7) Importer(815301076,1909f56bfc062723c751e8b465ee728b)  -> (artifact id: 'c53dcea7b1f50012635bbdee030ef4ce') in 0.023870 seconds 
========================================================================
Received Import Request.
  Time since last request: 0.000081 seconds.
  path: Assets/Office Room Furniture/Office/Materials/Grandmother_Fade.mat
  artifactKey: Guid(a5ed9859ce9b61b4db473794c18df996) Importer(815301076,1909f56bfc062723c751e8b465ee728b)
Start importing Assets/Office Room Furniture/Office/Materials/Grandmother_Fade.mat using Guid(a5ed9859ce9b61b4db473794c18df996) Importer(815301076,1909f56bfc062723c751e8b465ee728b)  -> (artifact id: 'cb839727f4b8d6fd47704f5ef507d75d') in 0.643677 seconds 
========================================================================
Received Import Request.
  Time since last request: 0.000071 seconds.
  path: Assets/Office Room Furniture/Office/Materials/Monitor_1_off.mat
  artifactKey: Guid(bcc193f3a73e09248bc07b4a14410b43) Importer(815301076,1909f56bfc062723c751e8b465ee728b)
Start importing Assets/Office Room Furniture/Office/Materials/Monitor_1_off.mat using Guid(bcc193f3a73e09248bc07b4a14410b43) Importer(815301076,1909f56bfc062723c751e8b465ee728b)  -> (artifact id: 'd8568554a231e282230e618d5606ad94') in 0.023116 seconds 
========================================================================
Received Import Request.
  Time since last request: 0.000067 seconds.
  path: Assets/Office Room Furniture/Office/Materials/Monitor_1_on.mat
  artifactKey: Guid(ad35e5707c8c30b40a460cfee7c1c7bb) Importer(815301076,1909f56bfc062723c751e8b465ee728b)
Start importing Assets/Office Room Furniture/Office/Materials/Monitor_1_on.mat using Guid(ad35e5707c8c30b40a460cfee7c1c7bb) Importer(815301076,1909f56bfc062723c751e8b465ee728b)  -> (artifact id: '9d2ba6d258a44ef6b4ad568b7445790c') in 0.011743 seconds 
========================================================================
Received Import Request.
  Time since last request: 0.000068 seconds.
  path: Assets/Office Room Furniture/Office/Materials/Armchair_3.mat
  artifactKey: Guid(125dbf5b0b9591a419b882791f02467a) Importer(815301076,1909f56bfc062723c751e8b465ee728b)
Start importing Assets/Office Room Furniture/Office/Materials/Armchair_3.mat using Guid(125dbf5b0b9591a419b882791f02467a) Importer(815301076,1909f56bfc062723c751e8b465ee728b)  -> (artifact id: '485aa847134c3a03868264d05716ffd9') in 0.013221 seconds 
========================================================================
Received Import Request.
  Time since last request: 0.000046 seconds.
  path: Assets/Office Room Furniture/Office/Materials/Material.mat
  artifactKey: Guid(ce9d0ef7b65444b4eba9df982e4a10a6) Importer(815301076,1909f56bfc062723c751e8b465ee728b)
Start importing Assets/Office Room Furniture/Office/Materials/Material.mat using Guid(ce9d0ef7b65444b4eba9df982e4a10a6) Importer(815301076,1909f56bfc062723c751e8b465ee728b)  -> (artifact id: '0183668af889a599e5e5e9ab7b268bff') in 0.013252 seconds 
========================================================================
Received Import Request.
  Time since last request: 0.000057 seconds.
  path: Assets/Office Room Furniture/Office/Materials/Grandmother_1.mat
  artifactKey: Guid(8a1bd12d1d4383c4797bac9ea12a9412) Importer(815301076,1909f56bfc062723c751e8b465ee728b)
Start importing Assets/Office Room Furniture/Office/Materials/Grandmother_1.mat using Guid(8a1bd12d1d4383c4797bac9ea12a9412) Importer(815301076,1909f56bfc062723c751e8b465ee728b)  -> (artifact id: '93d4fdd2fe8ca3f5d69ae6d3fca5fe57') in 0.009135 seconds 
========================================================================
Received Import Request.
  Time since last request: 0.000048 seconds.
  path: Assets/Office Room Furniture/Office/Materials/OfficeDesk_1_AO.mat
  artifactKey: Guid(d23ac15e260b75948979f1d93ed25bae) Importer(815301076,1909f56bfc062723c751e8b465ee728b)
Start importing Assets/Office Room Furniture/Office/Materials/OfficeDesk_1_AO.mat using Guid(d23ac15e260b75948979f1d93ed25bae) Importer(815301076,1909f56bfc062723c751e8b465ee728b)  -> (artifact id: 'd925f99883975e1471da922ba4c53223') in 0.036081 seconds 
========================================================================
Received Import Request.
  Time since last request: 0.000080 seconds.
  path: Assets/Office Room Furniture/Office/Materials/Material.003.mat
  artifactKey: Guid(eb4ec20e107a5b24c8571606eb3d94ce) Importer(815301076,1909f56bfc062723c751e8b465ee728b)
Start importing Assets/Office Room Furniture/Office/Materials/Material.003.mat using Guid(eb4ec20e107a5b24c8571606eb3d94ce) Importer(815301076,1909f56bfc062723c751e8b465ee728b)  -> (artifact id: 'fb53945ebfda0e712f20a9d24349d162') in 0.012400 seconds 
========================================================================
Received Import Request.
  Time since last request: 6.364552 seconds.
  path: Assets/Office Room Furniture/Office/Models/Materials/FloorPlant_3.mat
  artifactKey: Guid(62f3e0c1a4c6c2c4ead4190e8bae5ebe) Importer(815301076,1909f56bfc062723c751e8b465ee728b)
Start importing Assets/Office Room Furniture/Office/Models/Materials/FloorPlant_3.mat using Guid(62f3e0c1a4c6c2c4ead4190e8bae5ebe) Importer(815301076,1909f56bfc062723c751e8b465ee728b)  -> (artifact id: 'a2d0dece11f9e9854448b0816f728452') in 0.017772 seconds 
========================================================================
Received Import Request.
  Time since last request: 0.000103 seconds.
  path: Assets/Office Room Furniture/Office/Models/Materials/Material.001.mat
  artifactKey: Guid(0b4800d9465c7d04b8284dfdf680548a) Importer(815301076,1909f56bfc062723c751e8b465ee728b)
Start importing Assets/Office Room Furniture/Office/Models/Materials/Material.001.mat using Guid(0b4800d9465c7d04b8284dfdf680548a) Importer(815301076,1909f56bfc062723c751e8b465ee728b)  -> (artifact id: '442074265c37b4439af0cc990e90fa09') in 0.010651 seconds 
========================================================================
Received Import Request.
  Time since last request: 0.000264 seconds.
  path: Assets/Office Room Furniture/Office/Models/Materials/WoodFine0019_S.mat
  artifactKey: Guid(6680aaff95bb29849952fe4447b5498b) Importer(815301076,1909f56bfc062723c751e8b465ee728b)
Start importing Assets/Office Room Furniture/Office/Models/Materials/WoodFine0019_S.mat using Guid(6680aaff95bb29849952fe4447b5498b) Importer(815301076,1909f56bfc062723c751e8b465ee728b)  -> (artifact id: '8ea1cebced58ae8739b7b0e11f98f8eb') in 0.009065 seconds 
========================================================================
Received Import Request.
  Time since last request: 0.954672 seconds.
  path: Assets/Office Room Furniture/Office/Prefabs/FloorLamp_1.prefab
  artifactKey: Guid(1a8a8d907630a1143819ec799c0a0159) Importer(815301076,1909f56bfc062723c751e8b465ee728b)
Start importing Assets/Office Room Furniture/Office/Prefabs/FloorLamp_1.prefab using Guid(1a8a8d907630a1143819ec799c0a0159) Importer(815301076,1909f56bfc062723c751e8b465ee728b)  -> (artifact id: '2067e55495d1b33926846a4b555e79ec') in 0.067117 seconds 
========================================================================
Received Import Request.
  Time since last request: 0.000054 seconds.
  path: Assets/Office Room Furniture/Office/Prefabs/MouseKeyboard_1.prefab
  artifactKey: Guid(bbc921e76de47404897b9ee2df795603) Importer(815301076,1909f56bfc062723c751e8b465ee728b)
Start importing Assets/Office Room Furniture/Office/Prefabs/MouseKeyboard_1.prefab using Guid(bbc921e76de47404897b9ee2df795603) Importer(815301076,1909f56bfc062723c751e8b465ee728b)  -> (artifact id: 'f31f025ef3a2c620b1e97119696d7a8d') in 0.018267 seconds 
========================================================================
Received Import Request.
  Time since last request: 0.000043 seconds.
  path: Assets/Office Room Furniture/Office/Prefabs/Monitor_1.prefab
  artifactKey: Guid(9e2e17fdb01b85349a2b8ba3c9e349fb) Importer(815301076,1909f56bfc062723c751e8b465ee728b)
Start importing Assets/Office Room Furniture/Office/Prefabs/Monitor_1.prefab using Guid(9e2e17fdb01b85349a2b8ba3c9e349fb) Importer(815301076,1909f56bfc062723c751e8b465ee728b)  -> (artifact id: 'dc5a824f7720f5c97d60817ef26a1420') in 0.011352 seconds 
========================================================================
Received Import Request.
  Time since last request: 0.000050 seconds.
  path: Assets/Office Room Furniture/Office/Prefabs/Objects_1.prefab
  artifactKey: Guid(b39af83ea51e1f74fa9441c571c84b2d) Importer(815301076,1909f56bfc062723c751e8b465ee728b)
Start importing Assets/Office Room Furniture/Office/Prefabs/Objects_1.prefab using Guid(b39af83ea51e1f74fa9441c571c84b2d) Importer(815301076,1909f56bfc062723c751e8b465ee728b)  -> (artifact id: 'e6e95bd33efb9d5973be15f28fe62562') in 0.037378 seconds 
========================================================================
Received Import Request.
  Time since last request: 0.000055 seconds.
  path: Assets/Office Room Furniture/Office/Prefabs/Nesting_Table_1.prefab
  artifactKey: Guid(a92ffd6910045724cb6b05b8a862ae97) Importer(815301076,1909f56bfc062723c751e8b465ee728b)
Start importing Assets/Office Room Furniture/Office/Prefabs/Nesting_Table_1.prefab using Guid(a92ffd6910045724cb6b05b8a862ae97) Importer(815301076,1909f56bfc062723c751e8b465ee728b)  -> (artifact id: 'cc71f9eeb8f1429309d16b49a02a0573') in 0.012386 seconds 
========================================================================
Received Import Request.
  Time since last request: 5.697354 seconds.
  path: Assets/Office Room Furniture/Office/Textures/Armchair_1_Normal.png
  artifactKey: Guid(2481f783ac1300a40b91de39a0665f4d) Importer(815301076,1909f56bfc062723c751e8b465ee728b)
Start importing Assets/Office Room Furniture/Office/Textures/Armchair_1_Normal.png using Guid(2481f783ac1300a40b91de39a0665f4d) Importer(815301076,1909f56bfc062723c751e8b465ee728b)  -> (artifact id: 'f1d66921b98cae04914320c5873661c5') in 0.871493 seconds 
========================================================================
Received Import Request.
  Time since last request: 0.000114 seconds.
  path: Assets/Office Room Furniture/Office/Textures/Nesting_Table_3.png
  artifactKey: Guid(c43f30dd8e51b9e41909d971b0997368) Importer(815301076,1909f56bfc062723c751e8b465ee728b)
Start importing Assets/Office Room Furniture/Office/Textures/Nesting_Table_3.png using Guid(c43f30dd8e51b9e41909d971b0997368) Importer(815301076,1909f56bfc062723c751e8b465ee728b)  -> (artifact id: 'f5c5f4b9e64aaabf8ea63fddf1a8dce7') in 0.022979 seconds 
========================================================================
Received Import Request.
  Time since last request: 0.000051 seconds.
  path: Assets/Office Room Furniture/Office/Textures/FloorPlant_1_Normal.png
  artifactKey: Guid(172de56375a8daa45b76c610de001538) Importer(815301076,1909f56bfc062723c751e8b465ee728b)
Start importing Assets/Office Room Furniture/Office/Textures/FloorPlant_1_Normal.png using Guid(172de56375a8daa45b76c610de001538) Importer(815301076,1909f56bfc062723c751e8b465ee728b)  -> (artifact id: '4632e51dafc41af8f55877eef4af62cc') in 0.015116 seconds 
========================================================================
Received Import Request.
  Time since last request: 0.000171 seconds.
  path: Assets/Office Room Furniture/Office/Textures/MouseKeyboard_1_Normal.png
  artifactKey: Guid(25d81d462817c1444b6156da29d8a92a) Importer(815301076,1909f56bfc062723c751e8b465ee728b)
Start importing Assets/Office Room Furniture/Office/Textures/MouseKeyboard_1_Normal.png using Guid(25d81d462817c1444b6156da29d8a92a) Importer(815301076,1909f56bfc062723c751e8b465ee728b)  -> (artifact id: 'fa17e8f398b34dcdac753e8f51d1a27a') in 0.015182 seconds 
========================================================================
Received Import Request.
  Time since last request: 0.000088 seconds.
  path: Assets/Office Room Furniture/Office/Textures/Monitor_1_Specular.png
  artifactKey: Guid(6a9d41bc04d9ee148a47c739e08943c3) Importer(815301076,1909f56bfc062723c751e8b465ee728b)
Start importing Assets/Office Room Furniture/Office/Textures/Monitor_1_Specular.png using Guid(6a9d41bc04d9ee148a47c739e08943c3) Importer(815301076,1909f56bfc062723c751e8b465ee728b)  -> (artifact id: '8626a6e61ace4e0a0ee50320fba71b2b') in 0.011994 seconds 
========================================================================
Received Import Request.
  Time since last request: 0.000060 seconds.
  path: Assets/Office Room Furniture/Office/Textures/Nesting_Table_1_Normal.png
  artifactKey: Guid(03e68c1b1e56e814a9e62452f7a6c2d7) Importer(815301076,1909f56bfc062723c751e8b465ee728b)
Start importing Assets/Office Room Furniture/Office/Textures/Nesting_Table_1_Normal.png using Guid(03e68c1b1e56e814a9e62452f7a6c2d7) Importer(815301076,1909f56bfc062723c751e8b465ee728b)  -> (artifact id: '1942c98eb6028c54af4fdaa9faa0061c') in 0.009789 seconds 
========================================================================
Received Import Request.
  Time since last request: 0.000078 seconds.
  path: Assets/Office Room Furniture/Office/Textures/Floor_Lamp_1_Emission.png
  artifactKey: Guid(4b641a4047faefb46a7134c4b454516b) Importer(815301076,1909f56bfc062723c751e8b465ee728b)
Start importing Assets/Office Room Furniture/Office/Textures/Floor_Lamp_1_Emission.png using Guid(4b641a4047faefb46a7134c4b454516b) Importer(815301076,1909f56bfc062723c751e8b465ee728b)  -> (artifact id: '3ec139f68aab72bc85e4eedfc7fe6820') in 0.006804 seconds 
========================================================================
Received Import Request.
  Time since last request: 0.000083 seconds.
  path: Assets/Office Room Furniture/Office/Textures/MouseKeyboard_1.png
  artifactKey: Guid(ecd2466740018a8488cf721288259769) Importer(815301076,1909f56bfc062723c751e8b465ee728b)
Start importing Assets/Office Room Furniture/Office/Textures/MouseKeyboard_1.png using Guid(ecd2466740018a8488cf721288259769) Importer(815301076,1909f56bfc062723c751e8b465ee728b)  -> (artifact id: '28a540e6c638eb9adea1e3685c813cd6') in 0.006101 seconds 
========================================================================
Received Import Request.
  Time since last request: 0.000046 seconds.
  path: Assets/Office Room Furniture/Office/Textures/Monitor_1_Emission.png
  artifactKey: Guid(f6a5262e4cd3cd34c8d692d187574227) Importer(815301076,1909f56bfc062723c751e8b465ee728b)
Start importing Assets/Office Room Furniture/Office/Textures/Monitor_1_Emission.png using Guid(f6a5262e4cd3cd34c8d692d187574227) Importer(815301076,1909f56bfc062723c751e8b465ee728b)  -> (artifact id: '8596d6cf799fbce786fd1ae792c3affe') in 0.005811 seconds 
========================================================================
Received Import Request.
  Time since last request: 0.000056 seconds.
  path: Assets/Office Room Furniture/Office/Textures/Floor_Lamp_1_Specular.png
  artifactKey: Guid(6b849609cf52a2945a7386af44fced47) Importer(815301076,1909f56bfc062723c751e8b465ee728b)
Start importing Assets/Office Room Furniture/Office/Textures/Floor_Lamp_1_Specular.png using Guid(6b849609cf52a2945a7386af44fced47) Importer(815301076,1909f56bfc062723c751e8b465ee728b)  -> (artifact id: 'c450be421f4809e6ff88a8f9a5f20acb') in 0.006363 seconds 
========================================================================
Received Import Request.
  Time since last request: 0.000071 seconds.
  path: Assets/Office Room Furniture/Office/Textures/Armchair_4.png
  artifactKey: Guid(03ea044f723a75c4dbc4cece96e5752a) Importer(815301076,1909f56bfc062723c751e8b465ee728b)
Start importing Assets/Office Room Furniture/Office/Textures/Armchair_4.png using Guid(03ea044f723a75c4dbc4cece96e5752a) Importer(815301076,1909f56bfc062723c751e8b465ee728b)  -> (artifact id: '49be0f6c5be5f1af3f41195079742cfb') in 0.007948 seconds 
========================================================================
Received Import Request.
  Time since last request: 0.000044 seconds.
  path: Assets/Office Room Furniture/Office/Textures/Nesting_Table_Specular.png
  artifactKey: Guid(da6f00f11a60ae34cbc2d591b4060fe8) Importer(815301076,1909f56bfc062723c751e8b465ee728b)
Start importing Assets/Office Room Furniture/Office/Textures/Nesting_Table_Specular.png using Guid(da6f00f11a60ae34cbc2d591b4060fe8) Importer(815301076,1909f56bfc062723c751e8b465ee728b)  -> (artifact id: 'a11aecbfe5e984300d9db8f76935b12c') in 0.006661 seconds 
========================================================================
Received Import Request.
  Time since last request: 0.000047 seconds.
  path: Assets/Office Room Furniture/Office/Textures/Nesting_Table_2.png
  artifactKey: Guid(79f24c1550212d648824a1e9a490b20c) Importer(815301076,1909f56bfc062723c751e8b465ee728b)
Start importing Assets/Office Room Furniture/Office/Textures/Nesting_Table_2.png using Guid(79f24c1550212d648824a1e9a490b20c) Importer(815301076,1909f56bfc062723c751e8b465ee728b)  -> (artifact id: '60a91fcd8ac4ee69e74cf3665bba93da') in 0.007339 seconds 
========================================================================
Received Import Request.
  Time since last request: 0.000055 seconds.
  path: Assets/Office Room Furniture/Office/Textures/Frame_1_Specularr.png
  artifactKey: Guid(d1f60996ce2d30d4aa19dfba3f373c46) Importer(815301076,1909f56bfc062723c751e8b465ee728b)
Start importing Assets/Office Room Furniture/Office/Textures/Frame_1_Specularr.png using Guid(d1f60996ce2d30d4aa19dfba3f373c46) Importer(815301076,1909f56bfc062723c751e8b465ee728b)  -> (artifact id: '66bd64450c8c0f3447369dc072f7e98e') in 0.005570 seconds 
========================================================================
Received Import Request.
  Time since last request: 0.000058 seconds.
  path: Assets/Office Room Furniture/Office/Textures/Nesting_Table_1.png
  artifactKey: Guid(01163516efa8821408693b5c8693d321) Importer(815301076,1909f56bfc062723c751e8b465ee728b)
Start importing Assets/Office Room Furniture/Office/Textures/Nesting_Table_1.png using Guid(01163516efa8821408693b5c8693d321) Importer(815301076,1909f56bfc062723c751e8b465ee728b)  -> (artifact id: '9b38904b353507f24344d6bf3a9af86a') in 0.007827 seconds 
========================================================================
Received Import Request.
  Time since last request: 807.376400 seconds.
  path: Assets/Office Room Furniture/Demo/OfficeRoom/OfficeRoom.fbx
  artifactKey: Guid(213c8a9e8e7ffad44a00379f38134c8d) Importer(815301076,1909f56bfc062723c751e8b465ee728b)
Start importing Assets/Office Room Furniture/Demo/OfficeRoom/OfficeRoom.fbx using Guid(213c8a9e8e7ffad44a00379f38134c8d) Importer(815301076,1909f56bfc062723c751e8b465ee728b)  -> (artifact id: '78b077386b9393994b42304b14696a49') in 1.491604 seconds 
AssetImportWorkerClient::OnTransportError - code=2 error=End of file
