Unity Editor version:    2021.3.16f1 (4016570cf34f)
Branch:                  2021.3/staging
Build type:              Release
Batch mode:              YES
macOS version:           Version 13.0 (Build 22A380)
Darwin version:          22.1.0
Architecture:            arm64
Running under Rosetta:   NO
Available memory:        8192 MB
Using pre-set license
Pro License: YES

COMMAND LINE ARGUMENTS:
/Applications/Unity/Hub/Editor/2021.3.16f1-arm64/Unity.app/Contents/MacOS/Unity
-adb2
-batchMode
-noUpm
-name
AssetImportWorker0
-projectPath
/Users/rachelng/nwHacks 2023
-logFile
Logs/AssetImportWorker0.log
-srvPort
59412
Successfully changed project path to: /Users/rachelng/nwHacks 2023
/Users/rachelng/nwHacks 2023
[UnityMemory] Configuration Parameters - Can be set up in boot.config
    "memorysetup-bucket-allocator-granularity=16"
    "memorysetup-bucket-allocator-bucket-count=8"
    "memorysetup-bucket-allocator-block-size=33554432"
    "memorysetup-bucket-allocator-block-count=8"
    "memorysetup-main-allocator-block-size=16777216"
    "memorysetup-thread-allocator-block-size=16777216"
    "memorysetup-gfx-main-allocator-block-size=16777216"
    "memorysetup-gfx-thread-allocator-block-size=16777216"
    "memorysetup-cache-allocator-block-size=4194304"
    "memorysetup-typetree-allocator-block-size=2097152"
    "memorysetup-profiler-bucket-allocator-granularity=16"
    "memorysetup-profiler-bucket-allocator-bucket-count=8"
    "memorysetup-profiler-bucket-allocator-block-size=33554432"
    "memorysetup-profiler-bucket-allocator-block-count=8"
    "memorysetup-profiler-allocator-block-size=16777216"
    "memorysetup-profiler-editor-allocator-block-size=1048576"
    "memorysetup-temp-allocator-size-main=16777216"
    "memorysetup-job-temp-allocator-block-size=2097152"
    "memorysetup-job-temp-allocator-block-size-background=1048576"
    "memorysetup-job-temp-allocator-reduction-small-platforms=262144"
    "memorysetup-temp-allocator-size-background-worker=32768"
    "memorysetup-temp-allocator-size-job-worker=262144"
    "memorysetup-temp-allocator-size-preload-manager=33554432"
    "memorysetup-temp-allocator-size-nav-mesh-worker=65536"
    "memorysetup-temp-allocator-size-audio-worker=65536"
    "memorysetup-temp-allocator-size-cloud-worker=32768"
    "memorysetup-temp-allocator-size-gi-baking-worker=262144"
    "memorysetup-temp-allocator-size-gfx=262144"
Player connection [8027186432] Host "[IP] 206.12.166.217 [Port] 0 [Flags] 2 [Guid] 3648132196 [EditorId] 3648132196 [Version] 1048832 [Id] OSXEditor(0,dhcp-206-12-166-217.ubcsecure.wireless.ubc.ca) [Debug] 1 [PackageName] OSXEditor [ProjectName] Editor" joined multi-casting on [225.0.0.222:54997]...

Player connection [8027186432] Host "[IP] 206.12.166.217 [Port] 0 [Flags] 2 [Guid] 3648132196 [EditorId] 3648132196 [Version] 1048832 [Id] OSXEditor(0,dhcp-206-12-166-217.ubcsecure.wireless.ubc.ca) [Debug] 1 [PackageName] OSXEditor [ProjectName] Editor" joined alternative multi-casting on [225.0.0.222:34997]...

Refreshing native plugins compatible for Editor in 192.07 ms, found 3 plugins.
Preloading 1 native plugins for Editor in 9.62 ms.
Initialize engine version: 2021.3.16f1 (4016570cf34f)
[Subsystems] Discovering subsystems at path /Applications/Unity/Hub/Editor/2021.3.16f1-arm64/Unity.app/Contents/Resources/UnitySubsystems
[Subsystems] Discovering subsystems at path /Users/rachelng/nwHacks 2023/Assets
GfxDevice: creating device client; threaded=0; jobified=0
 preferred device: Apple M1 (high power)
Metal devices available: 1
0: Apple M1 (high power)
Using device Apple M1 (high power)
Initializing Metal device caps: Apple M1
Initialize mono
Mono path[0] = '/Applications/Unity/Hub/Editor/2021.3.16f1-arm64/Unity.app/Contents/Managed'
Mono path[1] = '/Applications/Unity/Hub/Editor/2021.3.16f1-arm64/Unity.app/Contents/MonoBleedingEdge/lib/mono/unityjit-macos'
Mono config path = '/Applications/Unity/Hub/Editor/2021.3.16f1-arm64/Unity.app/Contents/MonoBleedingEdge/etc'
Using monoOptions --debugger-agent=transport=dt_socket,embedding=1,server=y,suspend=n,address=127.0.0.1:56619
Begin MonoManager ReloadAssembly
Registering precompiled unity dll's ...
Register platform support module: /Applications/Unity/Hub/Editor/2021.3.16f1-arm64/Unity.app/Contents/PlaybackEngines/MacStandaloneSupport/UnityEditor.OSXStandalone.Extensions.dll
Registered in 0.001855 seconds.
Native extension for OSXStandalone target not found
Refreshing native plugins compatible for Editor in 123.32 ms, found 3 plugins.
Preloading 1 native plugins for Editor in 0.31 ms.
Mono: successfully reloaded assembly
- Completed reload, in  0.680 seconds
Domain Reload Profiling:
	ReloadAssembly (680ms)
		BeginReloadAssembly (80ms)
			ExecutionOrderSort (0ms)
			DisableScriptedObjects (0ms)
			BackupInstance (0ms)
			ReleaseScriptingObjects (0ms)
			CreateAndSetChildDomain (1ms)
		EndReloadAssembly (495ms)
			LoadAssemblies (80ms)
			RebuildTransferFunctionScriptingTraits (0ms)
			SetupTypeCache (107ms)
			ReleaseScriptCaches (0ms)
			RebuildScriptCaches (27ms)
			SetupLoadedEditorAssemblies (319ms)
				LogAssemblyErrors (0ms)
				InitializePlatformSupportModulesInManaged (5ms)
				SetLoadedEditorAssemblies (0ms)
				RefreshPlugins (124ms)
				BeforeProcessingInitializeOnLoad (2ms)
				ProcessInitializeOnLoadAttributes (153ms)
				ProcessInitializeOnLoadMethodAttributes (35ms)
				AfterProcessingInitializeOnLoad (0ms)
				EditorAssembliesLoaded (0ms)
			ExecutionOrderSort2 (0ms)
			AwakeInstancesAfterBackupRestoration (0ms)
Platform modules already initialized, skipping
Registering precompiled user dll's ...
Registered in 0.010739 seconds.
Begin MonoManager ReloadAssembly
Symbol file LoadedFromMemory doesn't match image /Users/rachelng/nwHacks 2023/Library/PackageCache/com.unity.visualscripting@1.7.8/Editor/VisualScripting.Core/Dependencies/DotNetZip/Unity.VisualScripting.IonicZip.dll
Symbol file LoadedFromMemory doesn't match image /Users/rachelng/nwHacks 2023/Library/PackageCache/com.unity.visualscripting@1.7.8/Editor/VisualScripting.Core/Dependencies/YamlDotNet/Unity.VisualScripting.YamlDotNet.dll
Native extension for OSXStandalone target not found
Refreshing native plugins compatible for Editor in 162.95 ms, found 3 plugins.
Preloading 1 native plugins for Editor in 0.54 ms.
Package Manager log level set to [2]
Mono: successfully reloaded assembly
- Completed reload, in  1.664 seconds
Domain Reload Profiling:
	ReloadAssembly (1666ms)
		BeginReloadAssembly (80ms)
			ExecutionOrderSort (0ms)
			DisableScriptedObjects (5ms)
			BackupInstance (0ms)
			ReleaseScriptingObjects (0ms)
			CreateAndSetChildDomain (25ms)
		EndReloadAssembly (1475ms)
			LoadAssemblies (82ms)
			RebuildTransferFunctionScriptingTraits (0ms)
			SetupTypeCache (303ms)
			ReleaseScriptCaches (1ms)
			RebuildScriptCaches (93ms)
			SetupLoadedEditorAssemblies (896ms)
				LogAssemblyErrors (0ms)
				InitializePlatformSupportModulesInManaged (3ms)
				SetLoadedEditorAssemblies (0ms)
				RefreshPlugins (164ms)
				BeforeProcessingInitializeOnLoad (197ms)
				ProcessInitializeOnLoadAttributes (503ms)
				ProcessInitializeOnLoadMethodAttributes (27ms)
				AfterProcessingInitializeOnLoad (2ms)
				EditorAssembliesLoaded (0ms)
			ExecutionOrderSort2 (0ms)
			AwakeInstancesAfterBackupRestoration (11ms)
Platform modules already initialized, skipping
========================================================================
Worker process is ready to serve import requests
Launching external process: /Applications/Unity/Hub/Editor/2021.3.16f1-arm64/Unity.app/Contents/Tools/UnityShaderCompiler
Launched and connected shader compiler UnityShaderCompiler after 0.07 seconds
Refreshing native plugins compatible for Editor in 0.75 ms, found 3 plugins.
Preloading 1 native plugins for Editor in 0.26 ms.
Unloading 4074 Unused Serialized files (Serialized files now loaded: 0)
Unloading 54 unused Assets / (85.8 KB). Loaded Objects now: 4510.
Memory consumption went from 136.1 MB to 136.0 MB.
Total: 4.654916 ms (FindLiveObjects: 0.177375 ms CreateObjectMapping: 0.089208 ms MarkObjects: 4.023333 ms  DeleteObjects: 0.363708 ms)

AssetImportParameters requested are different than current active one (requested -> active):
  custom:video-decoder-ogg-theora: a1e56fd34408186e4bbccfd4996cb3dc -> 
  custom:container-muxer-webm: aa71ff27fc2769a1b78a27578f13a17b -> 
  custom:container-demuxer-webm: 4f35f7cbe854078d1ac9338744f61a02 -> 
  custom:video-encoder-webm-vp8: eb34c28f22e8b96e1ab97ce403110664 -> 
  custom:framework-osx-AVFoundation: e770b220cccbd017edd2c1fefb359320 -> 
  custom:audio-encoder-webm-vorbis: bf7c407c2cedff20999df2af8eb42d56 -> 
  custom:container-demuxer-ogg: 62fdf1f143b41e24485cea50d1cbac27 -> 
  custom:video-decoder-webm-vp8: 9c59270c3fd7afecdb556c50c9e8de78 -> 
  custom:audio-decoder-ogg-vorbis: bf7c407c2cedff20999df2af8eb42d56 -> 
========================================================================
Received Import Request.
  Time since last request: 1940793.576443 seconds.
  path: Assets/Office Room Furniture/Office/Models/Nesting_Table_1.fbx
  artifactKey: Guid(eaed029abc8498f4ebda474746689f12) Importer(815301076,1909f56bfc062723c751e8b465ee728b)
Start importing Assets/Office Room Furniture/Office/Models/Nesting_Table_1.fbx using Guid(eaed029abc8498f4ebda474746689f12) Importer(815301076,1909f56bfc062723c751e8b465ee728b)  -> (artifact id: '88c9c9b6212fca1c628810906673bf14') in 1.024037 seconds 
========================================================================
Received Import Request.
  Time since last request: 0.000122 seconds.
  path: Assets/Office Room Furniture/Office/Models/Monitor_1.fbx
  artifactKey: Guid(028e716b9b7e7254fbb762715282ae8b) Importer(815301076,1909f56bfc062723c751e8b465ee728b)
Start importing Assets/Office Room Furniture/Office/Models/Monitor_1.fbx using Guid(028e716b9b7e7254fbb762715282ae8b) Importer(815301076,1909f56bfc062723c751e8b465ee728b)  -> (artifact id: '62bc80220e5b414283da4832fb4b4af9') in 0.688184 seconds 
========================================================================
Received Import Request.
  Time since last request: 0.000104 seconds.
  path: Assets/Office Room Furniture/Office/Models/Objects_1.fbx
  artifactKey: Guid(78fb8fd1f91f5a24c951a270a707c07d) Importer(815301076,1909f56bfc062723c751e8b465ee728b)
Start importing Assets/Office Room Furniture/Office/Models/Objects_1.fbx using Guid(78fb8fd1f91f5a24c951a270a707c07d) Importer(815301076,1909f56bfc062723c751e8b465ee728b)  -> (artifact id: '399d4fd7bd1bc849901966bde73216c4') in 0.331879 seconds 
========================================================================
Received Import Request.
  Time since last request: 0.000118 seconds.
  path: Assets/Office Room Furniture/Office/Models/Armchair_1.fbx
  artifactKey: Guid(1b78405856554574c9ed8d6339243555) Importer(815301076,1909f56bfc062723c751e8b465ee728b)
Start importing Assets/Office Room Furniture/Office/Models/Armchair_1.fbx using Guid(1b78405856554574c9ed8d6339243555) Importer(815301076,1909f56bfc062723c751e8b465ee728b)  -> (artifact id: 'af8d08246b4f1802334115625da943ab') in 0.023861 seconds 
========================================================================
Received Import Request.
  Time since last request: 0.000052 seconds.
  path: Assets/Office Room Furniture/Office/Models/Floor_Lamp_1.fbx
  artifactKey: Guid(55094d0efcd046e408f83bbc63b59f35) Importer(815301076,1909f56bfc062723c751e8b465ee728b)
Start importing Assets/Office Room Furniture/Office/Models/Floor_Lamp_1.fbx using Guid(55094d0efcd046e408f83bbc63b59f35) Importer(815301076,1909f56bfc062723c751e8b465ee728b)  -> (artifact id: '64f8ca66a23cfb596d5986136592be19') in 0.466421 seconds 
========================================================================
Received Import Request.
  Time since last request: 0.000049 seconds.
  path: Assets/Office Room Furniture/Office/Models/MouseKeyboard_1.fbx
  artifactKey: Guid(508eae10495c0a2408a29ae023b46a7b) Importer(815301076,1909f56bfc062723c751e8b465ee728b)
Start importing Assets/Office Room Furniture/Office/Models/MouseKeyboard_1.fbx using Guid(508eae10495c0a2408a29ae023b46a7b) Importer(815301076,1909f56bfc062723c751e8b465ee728b)  -> (artifact id: '4299e0a7b41aedb602eeb85b7a26a40b') in 0.030922 seconds 
========================================================================
Received Import Request.
  Time since last request: 157.922054 seconds.
  path: Assets/Office Room Furniture/Office/Materials/Armchair_1.mat
  artifactKey: Guid(596f80d1822f9854f8ac57487b3c56e2) Importer(815301076,1909f56bfc062723c751e8b465ee728b)
Start importing Assets/Office Room Furniture/Office/Materials/Armchair_1.mat using Guid(596f80d1822f9854f8ac57487b3c56e2) Importer(815301076,1909f56bfc062723c751e8b465ee728b)  -> (artifact id: '8ca9f7505bae2210e9b541af671e66d4') in 0.136141 seconds 
========================================================================
Received Import Request.
  Time since last request: 0.000073 seconds.
  path: Assets/Office Room Furniture/Office/Materials/Objects_1.mat
  artifactKey: Guid(aaff1661d50ef994da2977893623ec94) Importer(815301076,1909f56bfc062723c751e8b465ee728b)
Start importing Assets/Office Room Furniture/Office/Materials/Objects_1.mat using Guid(aaff1661d50ef994da2977893623ec94) Importer(815301076,1909f56bfc062723c751e8b465ee728b)  -> (artifact id: '889ecaabaed4626b3f6a2cbdb808ad69') in 0.021413 seconds 
========================================================================
Received Import Request.
  Time since last request: 0.000119 seconds.
  path: Assets/Office Room Furniture/Office/Materials/FloorLamp_1_On.mat
  artifactKey: Guid(72405ec3da1e1b44ebb7b7d5a27500fb) Importer(815301076,1909f56bfc062723c751e8b465ee728b)
Start importing Assets/Office Room Furniture/Office/Materials/FloorLamp_1_On.mat using Guid(72405ec3da1e1b44ebb7b7d5a27500fb) Importer(815301076,1909f56bfc062723c751e8b465ee728b)  -> (artifact id: 'b61fe0e56c55db258f5e4084c43737f7') in 0.031045 seconds 
========================================================================
Received Import Request.
  Time since last request: 0.000095 seconds.
  path: Assets/Office Room Furniture/Office/Materials/FloorPlant_1.mat
  artifactKey: Guid(da70dcef56d953d458b546e62c4f9b63) Importer(815301076,1909f56bfc062723c751e8b465ee728b)
Start importing Assets/Office Room Furniture/Office/Materials/FloorPlant_1.mat using Guid(da70dcef56d953d458b546e62c4f9b63) Importer(815301076,1909f56bfc062723c751e8b465ee728b)  -> (artifact id: '20c0a38ef8609b6b67577dbcd8ab24c6') in 0.026746 seconds 
========================================================================
Received Import Request.
  Time since last request: 0.000057 seconds.
  path: Assets/Office Room Furniture/Office/Materials/FloorPlant_Cutot.mat
  artifactKey: Guid(957f0f87c3eacab40bc2c25bc9f7f099) Importer(815301076,1909f56bfc062723c751e8b465ee728b)
Start importing Assets/Office Room Furniture/Office/Materials/FloorPlant_Cutot.mat using Guid(957f0f87c3eacab40bc2c25bc9f7f099) Importer(815301076,1909f56bfc062723c751e8b465ee728b) Render queue value outside of the allowed range (2450 - 2500) for selected Blend mode, resetting render queue to default
 -> (artifact id: 'd9bb39f39073af52ee77abbd11fee74e') in 0.602375 seconds 
========================================================================
Received Import Request.
  Time since last request: 0.000055 seconds.
  path: Assets/Office Room Furniture/Office/Materials/Armchair_4.mat
  artifactKey: Guid(1670fa276f50138478180d5f3cc206ae) Importer(815301076,1909f56bfc062723c751e8b465ee728b)
Start importing Assets/Office Room Furniture/Office/Materials/Armchair_4.mat using Guid(1670fa276f50138478180d5f3cc206ae) Importer(815301076,1909f56bfc062723c751e8b465ee728b)  -> (artifact id: 'ef8a3ead699d037fe8ad0f8406d99c0b') in 0.026916 seconds 
========================================================================
Received Import Request.
  Time since last request: 0.000106 seconds.
  path: Assets/Office Room Furniture/Office/Materials/Objects_1_Fade.mat
  artifactKey: Guid(1bb1791066e40ca459c3dd7a16a40d9a) Importer(815301076,1909f56bfc062723c751e8b465ee728b)
Start importing Assets/Office Room Furniture/Office/Materials/Objects_1_Fade.mat using Guid(1bb1791066e40ca459c3dd7a16a40d9a) Importer(815301076,1909f56bfc062723c751e8b465ee728b)  -> (artifact id: 'ba8f87eaf24ade20f1748fb872bd0fab') in 0.624837 seconds 
========================================================================
Received Import Request.
  Time since last request: 5.872171 seconds.
  path: Assets/Office Room Furniture/Office/Models/Materials/Chair_8.mat
  artifactKey: Guid(d057b9c783729b54f8858c7278cd7a34) Importer(815301076,1909f56bfc062723c751e8b465ee728b)
Start importing Assets/Office Room Furniture/Office/Models/Materials/Chair_8.mat using Guid(d057b9c783729b54f8858c7278cd7a34) Importer(815301076,1909f56bfc062723c751e8b465ee728b)  -> (artifact id: '362defe9fb6656a8097080b3bd00a1cd') in 0.013947 seconds 
========================================================================
Received Import Request.
  Time since last request: 0.000100 seconds.
  path: Assets/Office Room Furniture/Office/Models/Materials/Frame_1_Albedo.mat
  artifactKey: Guid(673dfe8b51db9384d89a9ab7d7ffe1f3) Importer(815301076,1909f56bfc062723c751e8b465ee728b)
Start importing Assets/Office Room Furniture/Office/Models/Materials/Frame_1_Albedo.mat using Guid(673dfe8b51db9384d89a9ab7d7ffe1f3) Importer(815301076,1909f56bfc062723c751e8b465ee728b)  -> (artifact id: '7f8792276a39b570fec1c2391723bcff') in 0.008043 seconds 
========================================================================
Received Import Request.
  Time since last request: 0.000311 seconds.
  path: Assets/Office Room Furniture/Office/Models/Materials/Objects_2.mat
  artifactKey: Guid(dc7363512dacd5e4f8d7e8d40dd701a1) Importer(815301076,1909f56bfc062723c751e8b465ee728b)
Start importing Assets/Office Room Furniture/Office/Models/Materials/Objects_2.mat using Guid(dc7363512dacd5e4f8d7e8d40dd701a1) Importer(815301076,1909f56bfc062723c751e8b465ee728b)  -> (artifact id: '80c1d70c0170166af8b4ab3565ad8e62') in 0.026932 seconds 
========================================================================
Received Import Request.
  Time since last request: 0.939962 seconds.
  path: Assets/Office Room Furniture/Office/Prefabs/Armchair_1.prefab
  artifactKey: Guid(02baaf1bd178fdb4d841e92a9f71d6e5) Importer(815301076,1909f56bfc062723c751e8b465ee728b)
Start importing Assets/Office Room Furniture/Office/Prefabs/Armchair_1.prefab using Guid(02baaf1bd178fdb4d841e92a9f71d6e5) Importer(815301076,1909f56bfc062723c751e8b465ee728b)  -> (artifact id: '8e6213f67a5426751eb43317c25dfbf1') in 0.094077 seconds 
========================================================================
Received Import Request.
  Time since last request: 0.000064 seconds.
  path: Assets/Office Room Furniture/Office/Prefabs/OfficeChair_1.prefab
  artifactKey: Guid(36a7c36a016378e4a8f00004c68a1f3d) Importer(815301076,1909f56bfc062723c751e8b465ee728b)
Start importing Assets/Office Room Furniture/Office/Prefabs/OfficeChair_1.prefab using Guid(36a7c36a016378e4a8f00004c68a1f3d) Importer(815301076,1909f56bfc062723c751e8b465ee728b)  -> (artifact id: 'f43b120826621f9a04499215aeeffa5b') in 0.020812 seconds 
========================================================================
Received Import Request.
  Time since last request: 0.000067 seconds.
  path: Assets/Office Room Furniture/Office/Prefabs/FloorPlant_!.prefab
  artifactKey: Guid(a099324e8369338448eeda8e277b651b) Importer(815301076,1909f56bfc062723c751e8b465ee728b)
Start importing Assets/Office Room Furniture/Office/Prefabs/FloorPlant_!.prefab using Guid(a099324e8369338448eeda8e277b651b) Importer(815301076,1909f56bfc062723c751e8b465ee728b)  -> (artifact id: 'd90b93e0f9126a994df10eb8e1bd3394') in 0.002781 seconds 
========================================================================
Received Import Request.
  Time since last request: 0.000071 seconds.
  path: Assets/Office Room Furniture/Office/Prefabs/OfficeDesk_1.prefab
  artifactKey: Guid(8379dae3f7b2e824bb1b8f1455c69064) Importer(815301076,1909f56bfc062723c751e8b465ee728b)
Start importing Assets/Office Room Furniture/Office/Prefabs/OfficeDesk_1.prefab using Guid(8379dae3f7b2e824bb1b8f1455c69064) Importer(815301076,1909f56bfc062723c751e8b465ee728b)  -> (artifact id: 'e4d20f2abe25834b942dd2f2bb24c54d') in 0.024816 seconds 
========================================================================
Received Import Request.
  Time since last request: 0.000076 seconds.
  path: Assets/Office Room Furniture/Office/Prefabs/Frame 1.prefab
  artifactKey: Guid(4f3fb4621dcc75e4ab94ccde1289a5de) Importer(815301076,1909f56bfc062723c751e8b465ee728b)
Start importing Assets/Office Room Furniture/Office/Prefabs/Frame 1.prefab using Guid(4f3fb4621dcc75e4ab94ccde1289a5de) Importer(815301076,1909f56bfc062723c751e8b465ee728b)  -> (artifact id: '9521c87557138e5b86b3d65178daec7e') in 0.009838 seconds 
========================================================================
Received Import Request.
  Time since last request: 5.694191 seconds.
  path: Assets/Office Room Furniture/Office/Textures/Armchair_1.png
  artifactKey: Guid(9f94dc89cf042154990ddc7935cd2746) Importer(815301076,1909f56bfc062723c751e8b465ee728b)
Start importing Assets/Office Room Furniture/Office/Textures/Armchair_1.png using Guid(9f94dc89cf042154990ddc7935cd2746) Importer(815301076,1909f56bfc062723c751e8b465ee728b)  -> (artifact id: 'fe3f9d50dd5a0cf977755de247e3ba47') in 0.871520 seconds 
========================================================================
Received Import Request.
  Time since last request: 0.000103 seconds.
  path: Assets/Office Room Furniture/Office/Textures/Floor_Lamp_1.png
  artifactKey: Guid(cd339f835bcbbe0459a71725be1a83bb) Importer(815301076,1909f56bfc062723c751e8b465ee728b)
Start importing Assets/Office Room Furniture/Office/Textures/Floor_Lamp_1.png using Guid(cd339f835bcbbe0459a71725be1a83bb) Importer(815301076,1909f56bfc062723c751e8b465ee728b)  -> (artifact id: 'b630dc7cd738ed8ffc0d49bb85f9fada') in 0.010564 seconds 
========================================================================
Received Import Request.
  Time since last request: 0.000050 seconds.
  path: Assets/Office Room Furniture/Office/Textures/FloorPlant_1_Specular.png
  artifactKey: Guid(16f02ec14d5a14449b8a30131c0cbf42) Importer(815301076,1909f56bfc062723c751e8b465ee728b)
Start importing Assets/Office Room Furniture/Office/Textures/FloorPlant_1_Specular.png using Guid(16f02ec14d5a14449b8a30131c0cbf42) Importer(815301076,1909f56bfc062723c751e8b465ee728b)  -> (artifact id: 'e85e6e1d9c2b2ec378e6e4f71f673e7c') in 0.014679 seconds 
========================================================================
Received Import Request.
  Time since last request: 0.000092 seconds.
  path: Assets/Office Room Furniture/Office/Textures/Frame_1_Normal.png
  artifactKey: Guid(96ab64a94f1976d44b0e16b68d4655c1) Importer(815301076,1909f56bfc062723c751e8b465ee728b)
Start importing Assets/Office Room Furniture/Office/Textures/Frame_1_Normal.png using Guid(96ab64a94f1976d44b0e16b68d4655c1) Importer(815301076,1909f56bfc062723c751e8b465ee728b)  -> (artifact id: '767ec5f37e086d20241f90641c13d05a') in 0.077086 seconds 
========================================================================
Received Import Request.
  Time since last request: 0.000073 seconds.
  path: Assets/Office Room Furniture/Office/Textures/Frame_1.png
  artifactKey: Guid(94825558f218c71489bff20d541b46bf) Importer(815301076,1909f56bfc062723c751e8b465ee728b)
Start importing Assets/Office Room Furniture/Office/Textures/Frame_1.png using Guid(94825558f218c71489bff20d541b46bf) Importer(815301076,1909f56bfc062723c751e8b465ee728b)  -> (artifact id: '870f83947a88aaf917b1012c02e0cb52') in 0.005774 seconds 
========================================================================
Received Import Request.
  Time since last request: 0.000072 seconds.
  path: Assets/Office Room Furniture/Office/Textures/Armchair_1_Specular.png
  artifactKey: Guid(0cd262e15db74544091ccef2b761f119) Importer(815301076,1909f56bfc062723c751e8b465ee728b)
Start importing Assets/Office Room Furniture/Office/Textures/Armchair_1_Specular.png using Guid(0cd262e15db74544091ccef2b761f119) Importer(815301076,1909f56bfc062723c751e8b465ee728b)  -> (artifact id: '661e2dd56e2d5687c12ae5ac7b3d9da4') in 0.006618 seconds 
========================================================================
Received Import Request.
  Time since last request: 0.000049 seconds.
  path: Assets/Office Room Furniture/Office/Textures/Armchair_3.png
  artifactKey: Guid(589d0a3d7ede8b84ab8d69e1038cdb0e) Importer(815301076,1909f56bfc062723c751e8b465ee728b)
Start importing Assets/Office Room Furniture/Office/Textures/Armchair_3.png using Guid(589d0a3d7ede8b84ab8d69e1038cdb0e) Importer(815301076,1909f56bfc062723c751e8b465ee728b)  -> (artifact id: '54555844a4439a61638053701bff1725') in 0.006619 seconds 
========================================================================
Received Import Request.
  Time since last request: 0.000087 seconds.
  path: Assets/Office Room Furniture/Office/Textures/MouseKeyboard_1_Specular.png
  artifactKey: Guid(2d2b7e6dd81f90240974867c37f90798) Importer(815301076,1909f56bfc062723c751e8b465ee728b)
Start importing Assets/Office Room Furniture/Office/Textures/MouseKeyboard_1_Specular.png using Guid(2d2b7e6dd81f90240974867c37f90798) Importer(815301076,1909f56bfc062723c751e8b465ee728b)  -> (artifact id: 'b923614f3e679105617bb4cebbaeb57d') in 0.006715 seconds 
========================================================================
Received Import Request.
  Time since last request: 0.000086 seconds.
  path: Assets/Office Room Furniture/Office/Textures/FloorPlant_1.png
  artifactKey: Guid(026bba1353a7acd45ad092f400d449ee) Importer(815301076,1909f56bfc062723c751e8b465ee728b)
Start importing Assets/Office Room Furniture/Office/Textures/FloorPlant_1.png using Guid(026bba1353a7acd45ad092f400d449ee) Importer(815301076,1909f56bfc062723c751e8b465ee728b)  -> (artifact id: '8780a6c29b6b506525aa39e20f8d28d6') in 0.007470 seconds 
========================================================================
Received Import Request.
  Time since last request: 0.000055 seconds.
  path: Assets/Office Room Furniture/Office/Textures/Floor_Lamp_1_Normal.png
  artifactKey: Guid(3fa5712015f4cad45b5e96d99b15d4a3) Importer(815301076,1909f56bfc062723c751e8b465ee728b)
Start importing Assets/Office Room Furniture/Office/Textures/Floor_Lamp_1_Normal.png using Guid(3fa5712015f4cad45b5e96d99b15d4a3) Importer(815301076,1909f56bfc062723c751e8b465ee728b)  -> (artifact id: '4e02e1bedb7382d6c4a4fc91940998be') in 0.007683 seconds 
========================================================================
Received Import Request.
  Time since last request: 0.000058 seconds.
  path: Assets/Office Room Furniture/Office/Textures/Armchair_2.png
  artifactKey: Guid(9f87e967abe788942982716db167aa5d) Importer(815301076,1909f56bfc062723c751e8b465ee728b)
Start importing Assets/Office Room Furniture/Office/Textures/Armchair_2.png using Guid(9f87e967abe788942982716db167aa5d) Importer(815301076,1909f56bfc062723c751e8b465ee728b)  -> (artifact id: 'ca667c960baccc32fc3a93eb30d0ac5b') in 0.007880 seconds 
========================================================================
Received Import Request.
  Time since last request: 0.000049 seconds.
  path: Assets/Office Room Furniture/Office/Textures/Monitor_1_Normal.png
  artifactKey: Guid(8929694cc4602b64f86f195a3c376c15) Importer(815301076,1909f56bfc062723c751e8b465ee728b)
Start importing Assets/Office Room Furniture/Office/Textures/Monitor_1_Normal.png using Guid(8929694cc4602b64f86f195a3c376c15) Importer(815301076,1909f56bfc062723c751e8b465ee728b)  -> (artifact id: 'a949395736cae03ef35c00e6995d4a7e') in 0.005400 seconds 
========================================================================
Received Import Request.
  Time since last request: 0.000136 seconds.
  path: Assets/Office Room Furniture/Office/Textures/Monitor_1.png
  artifactKey: Guid(0f6dc364ac678114a9fb8ea6522b3ed6) Importer(815301076,1909f56bfc062723c751e8b465ee728b)
Start importing Assets/Office Room Furniture/Office/Textures/Monitor_1.png using Guid(0f6dc364ac678114a9fb8ea6522b3ed6) Importer(815301076,1909f56bfc062723c751e8b465ee728b)  -> (artifact id: '52496a993f589c6d5e110ee13617880b') in 0.005241 seconds 
========================================================================
Received Import Request.
  Time since last request: 807.363971 seconds.
  path: Assets/Office Room Furniture/Demo/OfficeRoom/Door_1.fbx
  artifactKey: Guid(7ffd75a81faf80a4fb50de99a2736cdc) Importer(815301076,1909f56bfc062723c751e8b465ee728b)
Start importing Assets/Office Room Furniture/Demo/OfficeRoom/Door_1.fbx using Guid(7ffd75a81faf80a4fb50de99a2736cdc) Importer(815301076,1909f56bfc062723c751e8b465ee728b)  -> (artifact id: 'e62a0dbdb10532b34dfb93fce4b41e59') in 0.084804 seconds 
AssetImportWorkerClient::OnTransportError - code=2 error=End of file
